[2026-04-08 22:17:43 +0800] [2243] [INFO] Starting gunicorn 23.0.0
[2026-04-08 22:17:43 +0800] [2243] [INFO] Listening at: http://127.0.0.1:8000 (2243)
[2026-04-08 22:17:43 +0800] [2243] [INFO] Using worker: gthread
[2026-04-08 22:17:43 +0800] [2250] [INFO] Booting worker with pid: 2250
[2026-04-08 22:17:44 +0800] [2251] [INFO] Booting worker with pid: 2251
[2026-04-08 22:17:44 +0800] [2252] [INFO] Booting worker with pid: 2252
[2026-04-08 22:24:17 +0800] [2243] [INFO] Handling signal: term
[2026-04-08 22:24:17 +0800] [2252] [INFO] Worker exiting (pid: 2252)
[2026-04-08 22:24:17 +0800] [2250] [INFO] Worker exiting (pid: 2250)
[2026-04-08 22:24:17 +0800] [2251] [INFO] Worker exiting (pid: 2251)
[2026-04-08 22:24:17 +0800] [2243] [INFO] Shutting down: Master
[2026-04-08 22:24:26 +0800] [5639] [INFO] Starting gunicorn 23.0.0
[2026-04-08 22:24:26 +0800] [5639] [INFO] Listening at: http://127.0.0.1:8000 (5639)
[2026-04-08 22:24:26 +0800] [5639] [INFO] Using worker: gthread
[2026-04-08 22:24:26 +0800] [5640] [INFO] Booting worker with pid: 5640
[2026-04-08 22:24:26 +0800] [5645] [INFO] Booting worker with pid: 5645
[2026-04-08 22:24:26 +0800] [5646] [INFO] Booting worker with pid: 5646
[2026-04-08 22:39:29 +0800] [5639] [INFO] Handling signal: hup
[2026-04-08 22:39:29 +0800] [5639] [INFO] Hang up: Master
[2026-04-08 22:39:29 +0800] [5639] [ERROR] Worker (pid:5646) was sent SIGHUP!
[2026-04-08 22:39:29 +0800] [5639] [ERROR] Worker (pid:5645) was sent SIGHUP!
[2026-04-08 22:39:29 +0800] [5639] [ERROR] Worker (pid:5640) was sent SIGHUP!
[2026-04-08 22:39:29 +0800] [11786] [INFO] Booting worker with pid: 11786
[2026-04-08 22:39:29 +0800] [11787] [INFO] Booting worker with pid: 11787
[2026-04-08 22:39:29 +0800] [11788] [INFO] Booting worker with pid: 11788
[2026-04-08 23:01:19 +0800] [5639] [INFO] Handling signal: term
[2026-04-08 23:01:19 +0800] [11788] [INFO] Worker exiting (pid: 11788)
[2026-04-08 23:01:19 +0800] [11786] [INFO] Worker exiting (pid: 11786)
[2026-04-08 23:01:19 +0800] [11787] [INFO] Worker exiting (pid: 11787)
[2026-04-08 23:01:20 +0800] [5639] [INFO] Shutting down: Master
[2026-04-09 06:07:07 +0800] [63164] [INFO] Starting gunicorn 23.0.0
[2026-04-09 06:07:07 +0800] [63164] [INFO] Listening at: http://127.0.0.1:8000 (63164)
[2026-04-09 06:07:07 +0800] [63164] [INFO] Using worker: gthread
[2026-04-09 06:07:07 +0800] [63165] [INFO] Booting worker with pid: 63165
[2026-04-09 06:07:07 +0800] [63166] [INFO] Booting worker with pid: 63166
[2026-04-09 06:07:07 +0800] [63167] [INFO] Booting worker with pid: 63167
[2026-04-09 06:22:09 +0800] [63164] [INFO] Handling signal: term
[2026-04-09 06:22:10 +0800] [63167] [INFO] Worker exiting (pid: 63167)
[2026-04-09 06:22:10 +0800] [63165] [INFO] Worker exiting (pid: 63165)
[2026-04-09 06:22:10 +0800] [63166] [INFO] Worker exiting (pid: 63166)
[2026-04-09 06:22:10 +0800] [63164] [INFO] Shutting down: Master
[2026-04-09 06:22:16 +0800] [72630] [INFO] Starting gunicorn 23.0.0
[2026-04-09 06:22:16 +0800] [72630] [INFO] Listening at: http://127.0.0.1:8000 (72630)
[2026-04-09 06:22:16 +0800] [72630] [INFO] Using worker: gthread
[2026-04-09 06:22:16 +0800] [72631] [INFO] Booting worker with pid: 72631
[2026-04-09 06:22:16 +0800] [72632] [INFO] Booting worker with pid: 72632
[2026-04-09 06:22:16 +0800] [72633] [INFO] Booting worker with pid: 72633
[2026-04-09 06:46:59 +0800] [72630] [INFO] Handling signal: term
[2026-04-09 06:46:59 +0800] [72632] [INFO] Worker exiting (pid: 72632)
[2026-04-09 06:46:59 +0800] [72633] [INFO] Worker exiting (pid: 72633)
[2026-04-09 06:46:59 +0800] [72631] [INFO] Worker exiting (pid: 72631)
[2026-04-09 06:46:59 +0800] [72630] [INFO] Shutting down: Master
[2026-04-09 06:47:34 +0800] [82147] [INFO] Starting gunicorn 23.0.0
[2026-04-09 06:47:34 +0800] [82147] [INFO] Listening at: http://127.0.0.1:8000 (82147)
[2026-04-09 06:47:34 +0800] [82147] [INFO] Using worker: gthread
[2026-04-09 06:47:34 +0800] [82150] [INFO] Booting worker with pid: 82150
[2026-04-09 06:47:34 +0800] [82151] [INFO] Booting worker with pid: 82151
[2026-04-09 06:47:34 +0800] [82152] [INFO] Booting worker with pid: 82152
[2026-04-09 06:52:53 +0800] [85695] [INFO] Starting gunicorn 23.0.0
[2026-04-09 06:52:53 +0800] [85695] [INFO] Listening at: http://127.0.0.1:8000 (85695)
[2026-04-09 06:52:53 +0800] [85695] [INFO] Using worker: gthread
[2026-04-09 06:52:53 +0800] [85696] [INFO] Booting worker with pid: 85696
[2026-04-09 06:52:53 +0800] [85697] [INFO] Booting worker with pid: 85697
[2026-04-09 06:52:53 +0800] [85698] [INFO] Booting worker with pid: 85698
[2026-04-09 07:33:36 +0800] [172] [INFO] Starting gunicorn 23.0.0
[2026-04-09 07:33:36 +0800] [172] [INFO] Listening at: http://127.0.0.1:8000 (172)
[2026-04-09 07:33:36 +0800] [172] [INFO] Using worker: gthread
[2026-04-09 07:33:36 +0800] [173] [INFO] Booting worker with pid: 173
[2026-04-09 07:33:37 +0800] [176] [INFO] Booting worker with pid: 176
[2026-04-09 07:33:37 +0800] [177] [INFO] Booting worker with pid: 177
[2026-04-09 07:46:11 +0800] [172] [INFO] Handling signal: hup
[2026-04-09 07:46:11 +0800] [172] [INFO] Hang up: Master
[2026-04-09 07:46:11 +0800] [172] [ERROR] Worker (pid:177) was sent SIGHUP!
[2026-04-09 07:46:11 +0800] [172] [ERROR] Worker (pid:176) was sent SIGHUP!
[2026-04-09 07:46:11 +0800] [172] [ERROR] Worker (pid:173) was sent SIGHUP!
[2026-04-09 07:46:11 +0800] [8582] [INFO] Booting worker with pid: 8582
[2026-04-09 07:46:11 +0800] [8583] [INFO] Booting worker with pid: 8583
[2026-04-09 07:46:11 +0800] [8584] [INFO] Booting worker with pid: 8584
[2026-04-09 11:14:37 +0800] [172] [INFO] Handling signal: term
[2026-04-09 11:14:37 +0800] [8582] [INFO] Worker exiting (pid: 8582)
[2026-04-09 11:14:37 +0800] [8584] [INFO] Worker exiting (pid: 8584)
[2026-04-09 11:14:37 +0800] [8583] [INFO] Worker exiting (pid: 8583)
[2026-04-09 11:14:39 +0800] [172] [INFO] Shutting down: Master
[2026-04-09 23:26:47 +0800] [10885] [INFO] Starting gunicorn 23.0.0
[2026-04-09 23:26:47 +0800] [10885] [INFO] Listening at: http://127.0.0.1:8000 (10885)
[2026-04-09 23:26:47 +0800] [10885] [INFO] Using worker: gthread
[2026-04-09 23:26:47 +0800] [10886] [INFO] Booting worker with pid: 10886
[2026-04-09 23:26:47 +0800] [10887] [INFO] Booting worker with pid: 10887
[2026-04-09 23:26:47 +0800] [10888] [INFO] Booting worker with pid: 10888
[2026-04-09 23:34:07 +0800] [13885] [INFO] Starting gunicorn 23.0.0
[2026-04-09 23:34:07 +0800] [13885] [INFO] Listening at: http://127.0.0.1:8000 (13885)
[2026-04-09 23:34:07 +0800] [13885] [INFO] Using worker: gthread
[2026-04-09 23:34:07 +0800] [13886] [INFO] Booting worker with pid: 13886
[2026-04-09 23:34:07 +0800] [13887] [INFO] Booting worker with pid: 13887
[2026-04-09 23:34:08 +0800] [13888] [INFO] Booting worker with pid: 13888
[2026-04-09 23:39:25 +0800] [18082] [INFO] Starting gunicorn 23.0.0
[2026-04-09 23:39:25 +0800] [18082] [INFO] Listening at: http://127.0.0.1:8000 (18082)
[2026-04-09 23:39:25 +0800] [18082] [INFO] Using worker: gthread
[2026-04-09 23:39:25 +0800] [18083] [INFO] Booting worker with pid: 18083
[2026-04-09 23:39:25 +0800] [18084] [INFO] Booting worker with pid: 18084
[2026-04-09 23:39:26 +0800] [18085] [INFO] Booting worker with pid: 18085
[2026-04-09 23:40:36 +0800] [20316] [INFO] Starting gunicorn 23.0.0
[2026-04-09 23:40:36 +0800] [20316] [INFO] Listening at: http://127.0.0.1:8000 (20316)
[2026-04-09 23:40:36 +0800] [20316] [INFO] Using worker: gthread
[2026-04-09 23:40:36 +0800] [20317] [INFO] Booting worker with pid: 20317
[2026-04-09 23:40:37 +0800] [20318] [INFO] Booting worker with pid: 20318
[2026-04-09 23:40:37 +0800] [20319] [INFO] Booting worker with pid: 20319
[2026-04-10 05:00:20 +0800] [20316] [ERROR] Worker (pid:20319) was sent SIGHUP!
[2026-04-10 05:00:20 +0800] [20316] [ERROR] Worker (pid:20318) was sent SIGHUP!
[2026-04-10 05:00:20 +0800] [20316] [ERROR] Worker (pid:20317) was sent SIGHUP!
[2026-04-10 05:00:20 +0800] [47127] [INFO] Booting worker with pid: 47127
[2026-04-10 05:00:20 +0800] [47128] [INFO] Booting worker with pid: 47128
[2026-04-10 05:00:20 +0800] [47133] [INFO] Booting worker with pid: 47133
[2026-04-10 05:00:20 +0800] [20316] [INFO] Handling signal: hup
[2026-04-10 05:00:20 +0800] [20316] [INFO] Hang up: Master
[2026-04-10 05:00:20 +0800] [47138] [INFO] Booting worker with pid: 47138
[2026-04-10 05:00:20 +0800] [47139] [INFO] Booting worker with pid: 47139
[2026-04-10 05:00:20 +0800] [47140] [INFO] Booting worker with pid: 47140
[2026-04-10 05:00:23 +0800] [47127] [INFO] Worker exiting (pid: 47127)
[2026-04-10 05:00:23 +0800] [47128] [INFO] Worker exiting (pid: 47128)
[2026-04-10 05:00:23 +0800] [47133] [INFO] Worker exiting (pid: 47133)
[2026-04-10 05:00:23 +0800] [20316] [ERROR] Worker (pid:47133) was sent SIGTERM!
[2026-04-10 22:00:15 +0800] [20316] [INFO] Handling signal: term
[2026-04-10 22:00:15 +0800] [47139] [INFO] Worker exiting (pid: 47139)
[2026-04-10 22:00:15 +0800] [47140] [INFO] Worker exiting (pid: 47140)
[2026-04-10 22:00:15 +0800] [47138] [INFO] Worker exiting (pid: 47138)
[2026-04-10 22:00:16 +0800] [20316] [ERROR] Worker (pid:47138) exited with code 120
[2026-04-10 22:00:16 +0800] [20316] [ERROR] Worker (pid:47138) exited with code 120.
[2026-04-10 22:00:16 +0800] [20316] [INFO] Shutting down: Master
